[debug] [2025-04-05T02:57:47.932Z] ----------------------------------------------------------------------
[debug] [2025-04-05T02:57:47.941Z] Command:       /usr/local/Cellar/node/23.7.0/bin/node /usr/local/bin/firebase init --debug
[debug] [2025-04-05T02:57:47.942Z] CLI Version:   14.1.0
[debug] [2025-04-05T02:57:47.942Z] Platform:      darwin
[debug] [2025-04-05T02:57:47.942Z] Node Version:  v23.7.0
[debug] [2025-04-05T02:57:47.942Z] Time:          Fri Apr 04 2025 22:57:47 GMT-0400 (Eastern Daylight Time)
[debug] [2025-04-05T02:57:47.942Z] ----------------------------------------------------------------------
[debug] 
[debug] [2025-04-05T02:57:47.950Z] > command requires scopes: ["email","openid","https://www.googleapis.com/auth/cloudplatformprojects.readonly","https://www.googleapis.com/auth/firebase","https://www.googleapis.com/auth/cloud-platform"]
[debug] [2025-04-05T02:57:47.951Z] > authorizing via signed-in user (alvindjoume@gmail.com)
[info] 
     ######## #### ########  ######## ########     ###     ######  ########
     ##        ##  ##     ## ##       ##     ##  ##   ##  ##       ##
     ######    ##  ########  ######   ########  #########  ######  ######
     ##        ##  ##    ##  ##       ##     ## ##     ##       ## ##
     ##       #### ##     ## ######## ########  ##     ##  ######  ########

You're about to initialize a Firebase project in this directory:

  /Users/alvindjoume/Documents/GitHub/budget-app

[info] 
=== Project Setup
[info] 
[info] First, let's associate this project directory with a Firebase project.
[info] You can create multiple project aliases by running firebase use --add, 
[info] but for now we'll just set up a default project.
[info] 
[info] i  If you want to create a project in a Google Cloud organization or folder, please use "firebase projects:create" instead, and return to this command when you've created the project. 
[debug] [2025-04-05T02:58:32.206Z] Checked if tokens are valid: true, expires at: 1743825421507
[debug] [2025-04-05T02:58:32.206Z] Checked if tokens are valid: true, expires at: 1743825421507
[debug] [2025-04-05T02:58:32.210Z] >>> [apiv2][query] POST https://cloudresourcemanager.googleapis.com/v1/projects [none]
[debug] [2025-04-05T02:58:32.210Z] >>> [apiv2][body] POST https://cloudresourcemanager.googleapis.com/v1/projects {"projectId":"gajs;gdandnsglanz;gjaz","name":"gajs;gdandnsglanz;gjaz"}
[debug] [2025-04-05T02:58:32.592Z] <<< [apiv2][status] POST https://cloudresourcemanager.googleapis.com/v1/projects 400
[debug] [2025-04-05T02:58:32.592Z] <<< [apiv2][body] POST https://cloudresourcemanager.googleapis.com/v1/projects {"error":{"code":400,"message":"Request contains an invalid argument.","status":"INVALID_ARGUMENT","details":[{"@type":"type.googleapis.com/google.rpc.BadRequest","fieldViolations":[{"field":"project_id","description":"project_id contains invalid characters"},{"field":"display_name","description":"project display name contains invalid characters"}]},{"@type":"type.googleapis.com/google.rpc.Help","links":[{"url":"https://cloud.google.com/resource-manager/reference/rest/v1/projects"}]}]}}
[debug] [2025-04-05T02:58:32.595Z] FirebaseError: Request to https://cloudresourcemanager.googleapis.com/v1/projects had HTTP Error: 400, Request contains an invalid argument.
    at responseToError (/usr/local/lib/node_modules/firebase-tools/lib/responseToError.js:52:12)
    at RetryOperation._fn (/usr/local/lib/node_modules/firebase-tools/lib/apiv2.js:312:77)
    at process.processTicksAndRejections (node:internal/process/task_queues:105:5)
[error] 
[error] Error: Failed to create project. See firebase-debug.log for more info.
[debug] [2025-04-05T02:59:31.901Z] ----------------------------------------------------------------------
[debug] [2025-04-05T02:59:31.909Z] Command:       /usr/local/Cellar/node/23.7.0/bin/node /usr/local/bin/firebase init --debug
[debug] [2025-04-05T02:59:31.909Z] CLI Version:   14.1.0
[debug] [2025-04-05T02:59:31.910Z] Platform:      darwin
[debug] [2025-04-05T02:59:31.910Z] Node Version:  v23.7.0
[debug] [2025-04-05T02:59:31.910Z] Time:          Fri Apr 04 2025 22:59:31 GMT-0400 (Eastern Daylight Time)
[debug] [2025-04-05T02:59:31.910Z] ----------------------------------------------------------------------
[debug] 
[debug] [2025-04-05T02:59:31.917Z] > command requires scopes: ["email","openid","https://www.googleapis.com/auth/cloudplatformprojects.readonly","https://www.googleapis.com/auth/firebase","https://www.googleapis.com/auth/cloud-platform"]
[debug] [2025-04-05T02:59:31.919Z] > authorizing via signed-in user (alvindjoume@gmail.com)
[info] 
     ######## #### ########  ######## ########     ###     ######  ########
     ##        ##  ##     ## ##       ##     ##  ##   ##  ##       ##
     ######    ##  ########  ######   ########  #########  ######  ######
     ##        ##  ##    ##  ##       ##     ## ##     ##       ## ##
     ##       #### ##     ## ######## ########  ##     ##  ######  ########

You're about to initialize a Firebase project in this directory:

  /Users/alvindjoume/Documents/GitHub/budget-app

[info] 
=== Project Setup
[info] 
[info] First, let's associate this project directory with a Firebase project.
[info] You can create multiple project aliases by running firebase use --add, 
[info] but for now we'll just set up a default project.
[info] 
[info] i  If you want to create a project in a Google Cloud organization or folder, please use "firebase projects:create" instead, and return to this command when you've created the project. 
[debug] [2025-04-05T02:59:45.597Z] Checked if tokens are valid: true, expires at: 1743825421507
[debug] [2025-04-05T02:59:45.598Z] Checked if tokens are valid: true, expires at: 1743825421507
[debug] [2025-04-05T02:59:45.600Z] >>> [apiv2][query] POST https://cloudresourcemanager.googleapis.com/v1/projects [none]
[debug] [2025-04-05T02:59:45.600Z] >>> [apiv2][body] POST https://cloudresourcemanager.googleapis.com/v1/projects {"projectId":"fga;lgkaj;fkg;ljngf;ngf;","name":"fga;lgkaj;fkg;ljngf;ngf;"}
[debug] [2025-04-05T02:59:46.113Z] <<< [apiv2][status] POST https://cloudresourcemanager.googleapis.com/v1/projects 400
[debug] [2025-04-05T02:59:46.113Z] <<< [apiv2][body] POST https://cloudresourcemanager.googleapis.com/v1/projects {"error":{"code":400,"message":"Request contains an invalid argument.","status":"INVALID_ARGUMENT","details":[{"@type":"type.googleapis.com/google.rpc.BadRequest","fieldViolations":[{"field":"project_id","description":"project_id contains invalid characters"},{"field":"display_name","description":"project display name contains invalid characters"}]},{"@type":"type.googleapis.com/google.rpc.Help","links":[{"url":"https://cloud.google.com/resource-manager/reference/rest/v1/projects"}]}]}}
[debug] [2025-04-05T02:59:46.116Z] FirebaseError: Request to https://cloudresourcemanager.googleapis.com/v1/projects had HTTP Error: 400, Request contains an invalid argument.
    at responseToError (/usr/local/lib/node_modules/firebase-tools/lib/responseToError.js:52:12)
    at RetryOperation._fn (/usr/local/lib/node_modules/firebase-tools/lib/apiv2.js:312:77)
    at process.processTicksAndRejections (node:internal/process/task_queues:105:5)
[error] 
[error] Error: Failed to create project. See firebase-debug.log for more info.
[debug] [2025-04-05T03:00:01.139Z] ----------------------------------------------------------------------
[debug] [2025-04-05T03:00:01.142Z] Command:       /usr/local/Cellar/node/23.7.0/bin/node /usr/local/bin/firebase init --debug
[debug] [2025-04-05T03:00:01.142Z] CLI Version:   14.1.0
[debug] [2025-04-05T03:00:01.142Z] Platform:      darwin
[debug] [2025-04-05T03:00:01.142Z] Node Version:  v23.7.0
[debug] [2025-04-05T03:00:01.143Z] Time:          Fri Apr 04 2025 23:00:01 GMT-0400 (Eastern Daylight Time)
[debug] [2025-04-05T03:00:01.143Z] ----------------------------------------------------------------------
[debug] 
[debug] [2025-04-05T03:00:01.149Z] > command requires scopes: ["email","openid","https://www.googleapis.com/auth/cloudplatformprojects.readonly","https://www.googleapis.com/auth/firebase","https://www.googleapis.com/auth/cloud-platform"]
[debug] [2025-04-05T03:00:01.150Z] > authorizing via signed-in user (alvindjoume@gmail.com)
[info] 
     ######## #### ########  ######## ########     ###     ######  ########
     ##        ##  ##     ## ##       ##     ##  ##   ##  ##       ##
     ######    ##  ########  ######   ########  #########  ######  ######
     ##        ##  ##    ##  ##       ##     ## ##     ##       ## ##
     ##       #### ##     ## ######## ########  ##     ##  ######  ########

You're about to initialize a Firebase project in this directory:

  /Users/alvindjoume/Documents/GitHub/budget-app

[info] 
=== Project Setup
[info] 
[info] First, let's associate this project directory with a Firebase project.
[info] You can create multiple project aliases by running firebase use --add, 
[info] but for now we'll just set up a default project.
[info] 
[info] i  If you want to create a project in a Google Cloud organization or folder, please use "firebase projects:create" instead, and return to this command when you've created the project. 
[debug] [2025-04-05T03:00:24.863Z] Checked if tokens are valid: true, expires at: 1743825421507
[debug] [2025-04-05T03:00:24.865Z] Checked if tokens are valid: true, expires at: 1743825421507
[debug] [2025-04-05T03:00:24.867Z] >>> [apiv2][query] POST https://cloudresourcemanager.googleapis.com/v1/projects [none]
[debug] [2025-04-05T03:00:24.867Z] >>> [apiv2][body] POST https://cloudresourcemanager.googleapis.com/v1/projects {"projectId":"afdjanfjdjfahfbd","name":"afdjanfjdjfahfbd"}
[debug] [2025-04-05T03:00:25.256Z] <<< [apiv2][status] POST https://cloudresourcemanager.googleapis.com/v1/projects 200
[debug] [2025-04-05T03:00:25.256Z] <<< [apiv2][body] POST https://cloudresourcemanager.googleapis.com/v1/projects {"name":"operations/create_project.global.5331879206848407444"}
[debug] [2025-04-05T03:00:25.257Z] Checked if tokens are valid: true, expires at: 1743825421507
[debug] [2025-04-05T03:00:25.257Z] Checked if tokens are valid: true, expires at: 1743825421507
[debug] [2025-04-05T03:00:25.258Z] >>> [apiv2][query] GET https://cloudresourcemanager.googleapis.com/v1/operations/create_project.global.5331879206848407444 [none]
[debug] [2025-04-05T03:00:25.517Z] <<< [apiv2][status] GET https://cloudresourcemanager.googleapis.com/v1/operations/create_project.global.5331879206848407444 200
[debug] [2025-04-05T03:00:25.517Z] <<< [apiv2][body] GET https://cloudresourcemanager.googleapis.com/v1/operations/create_project.global.5331879206848407444 {"name":"operations/create_project.global.5331879206848407444"}
[debug] [2025-04-05T03:00:26.017Z] [Project Creation Poller] Retrying task index 0
[debug] [2025-04-05T03:00:26.018Z] Checked if tokens are valid: true, expires at: 1743825421507
[debug] [2025-04-05T03:00:26.018Z] Checked if tokens are valid: true, expires at: 1743825421507
[debug] [2025-04-05T03:00:26.018Z] >>> [apiv2][query] GET https://cloudresourcemanager.googleapis.com/v1/operations/create_project.global.5331879206848407444 [none]
[debug] [2025-04-05T03:00:26.222Z] <<< [apiv2][status] GET https://cloudresourcemanager.googleapis.com/v1/operations/create_project.global.5331879206848407444 200
[debug] [2025-04-05T03:00:26.223Z] <<< [apiv2][body] GET https://cloudresourcemanager.googleapis.com/v1/operations/create_project.global.5331879206848407444 {"name":"operations/create_project.global.5331879206848407444"}
[debug] [2025-04-05T03:00:27.223Z] [Project Creation Poller] Retrying task index 0
[debug] [2025-04-05T03:00:27.233Z] Checked if tokens are valid: true, expires at: 1743825421507
[debug] [2025-04-05T03:00:27.234Z] Checked if tokens are valid: true, expires at: 1743825421507
[debug] [2025-04-05T03:00:27.236Z] >>> [apiv2][query] GET https://cloudresourcemanager.googleapis.com/v1/operations/create_project.global.5331879206848407444 [none]
[debug] [2025-04-05T03:00:27.483Z] <<< [apiv2][status] GET https://cloudresourcemanager.googleapis.com/v1/operations/create_project.global.5331879206848407444 200
[debug] [2025-04-05T03:00:27.484Z] <<< [apiv2][body] GET https://cloudresourcemanager.googleapis.com/v1/operations/create_project.global.5331879206848407444 {"name":"operations/create_project.global.5331879206848407444","metadata":{"@type":"type.googleapis.com/google.cloudresourcemanager.v1.ProjectCreationStatus","gettable":true,"ready":true},"done":true,"response":{"@type":"type.googleapis.com/google.cloudresourcemanager.v1.Project","projectNumber":"626300228073","projectId":"afdjanfjdjfahfbd","lifecycleState":"ACTIVE","name":"afdjanfjdjfahfbd","createTime":"2025-04-05T03:00:26.094445Z"}}
[debug] [2025-04-05T03:00:27.486Z] Checked if tokens are valid: true, expires at: 1743825421507
[debug] [2025-04-05T03:00:27.486Z] Checked if tokens are valid: true, expires at: 1743825421507
[debug] [2025-04-05T03:00:27.486Z] >>> [apiv2][query] POST https://firebase.googleapis.com/v1beta1/projects/afdjanfjdjfahfbd:addFirebase [none]
[debug] [2025-04-05T03:00:30.779Z] <<< [apiv2][status] POST https://firebase.googleapis.com/v1beta1/projects/afdjanfjdjfahfbd:addFirebase 200
[debug] [2025-04-05T03:00:30.780Z] <<< [apiv2][body] POST https://firebase.googleapis.com/v1beta1/projects/afdjanfjdjfahfbd:addFirebase {"name":"operations/workflows/MWY3MWQwM2ItZWY3MC00ZTAzLThjMzctYmQ2YjBmZDMyYmU4"}
[debug] [2025-04-05T03:00:30.780Z] Checked if tokens are valid: true, expires at: 1743825421507
[debug] [2025-04-05T03:00:30.780Z] Checked if tokens are valid: true, expires at: 1743825421507
[debug] [2025-04-05T03:00:30.781Z] >>> [apiv2][query] GET https://firebase.googleapis.com/v1beta1/operations/workflows/MWY3MWQwM2ItZWY3MC00ZTAzLThjMzctYmQ2YjBmZDMyYmU4 [none]
[debug] [2025-04-05T03:00:39.962Z] <<< [apiv2][status] GET https://firebase.googleapis.com/v1beta1/operations/workflows/MWY3MWQwM2ItZWY3MC00ZTAzLThjMzctYmQ2YjBmZDMyYmU4 200
[debug] [2025-04-05T03:00:39.963Z] <<< [apiv2][body] GET https://firebase.googleapis.com/v1beta1/operations/workflows/MWY3MWQwM2ItZWY3MC00ZTAzLThjMzctYmQ2YjBmZDMyYmU4 {"name":"operations/workflows/MWY3MWQwM2ItZWY3MC00ZTAzLThjMzctYmQ2YjBmZDMyYmU4"}
[debug] [2025-04-05T03:00:40.464Z] [Add Firebase Poller] Retrying task index 0
[debug] [2025-04-05T03:00:40.465Z] Checked if tokens are valid: true, expires at: 1743825421507
[debug] [2025-04-05T03:00:40.465Z] Checked if tokens are valid: true, expires at: 1743825421507
[debug] [2025-04-05T03:00:40.465Z] >>> [apiv2][query] GET https://firebase.googleapis.com/v1beta1/operations/workflows/MWY3MWQwM2ItZWY3MC00ZTAzLThjMzctYmQ2YjBmZDMyYmU4 [none]
[debug] [2025-04-05T03:00:40.866Z] <<< [apiv2][status] GET https://firebase.googleapis.com/v1beta1/operations/workflows/MWY3MWQwM2ItZWY3MC00ZTAzLThjMzctYmQ2YjBmZDMyYmU4 200
[debug] [2025-04-05T03:00:40.867Z] <<< [apiv2][body] GET https://firebase.googleapis.com/v1beta1/operations/workflows/MWY3MWQwM2ItZWY3MC00ZTAzLThjMzctYmQ2YjBmZDMyYmU4 {"name":"operations/workflows/MWY3MWQwM2ItZWY3MC00ZTAzLThjMzctYmQ2YjBmZDMyYmU4"}
[debug] [2025-04-05T03:00:41.868Z] [Add Firebase Poller] Retrying task index 0
[debug] [2025-04-05T03:00:41.868Z] Checked if tokens are valid: true, expires at: 1743825421507
[debug] [2025-04-05T03:00:41.869Z] Checked if tokens are valid: true, expires at: 1743825421507
[debug] [2025-04-05T03:00:41.869Z] >>> [apiv2][query] GET https://firebase.googleapis.com/v1beta1/operations/workflows/MWY3MWQwM2ItZWY3MC00ZTAzLThjMzctYmQ2YjBmZDMyYmU4 [none]
[debug] [2025-04-05T03:00:42.144Z] <<< [apiv2][status] GET https://firebase.googleapis.com/v1beta1/operations/workflows/MWY3MWQwM2ItZWY3MC00ZTAzLThjMzctYmQ2YjBmZDMyYmU4 200
[debug] [2025-04-05T03:00:42.144Z] <<< [apiv2][body] GET https://firebase.googleapis.com/v1beta1/operations/workflows/MWY3MWQwM2ItZWY3MC00ZTAzLThjMzctYmQ2YjBmZDMyYmU4 {"name":"operations/workflows/MWY3MWQwM2ItZWY3MC00ZTAzLThjMzctYmQ2YjBmZDMyYmU4"}
[debug] [2025-04-05T03:00:44.145Z] [Add Firebase Poller] Retrying task index 0
[debug] [2025-04-05T03:00:44.146Z] Checked if tokens are valid: true, expires at: 1743825421507
[debug] [2025-04-05T03:00:44.146Z] Checked if tokens are valid: true, expires at: 1743825421507
[debug] [2025-04-05T03:00:44.146Z] >>> [apiv2][query] GET https://firebase.googleapis.com/v1beta1/operations/workflows/MWY3MWQwM2ItZWY3MC00ZTAzLThjMzctYmQ2YjBmZDMyYmU4 [none]
[debug] [2025-04-05T03:00:44.563Z] <<< [apiv2][status] GET https://firebase.googleapis.com/v1beta1/operations/workflows/MWY3MWQwM2ItZWY3MC00ZTAzLThjMzctYmQ2YjBmZDMyYmU4 200
[debug] [2025-04-05T03:00:44.563Z] <<< [apiv2][body] GET https://firebase.googleapis.com/v1beta1/operations/workflows/MWY3MWQwM2ItZWY3MC00ZTAzLThjMzctYmQ2YjBmZDMyYmU4 {"name":"operations/workflows/MWY3MWQwM2ItZWY3MC00ZTAzLThjMzctYmQ2YjBmZDMyYmU4","done":true,"response":{"@type":"type.googleapis.com/google.firebase.service.v1beta1.FirebaseProject","projectId":"afdjanfjdjfahfbd","projectNumber":"626300228073","displayName":"afdjanfjdjfahfbd","name":"projects/afdjanfjdjfahfbd","resources":{"hostingSite":"afdjanfjdjfahfbd"}}}
[info] 
[info] ðŸŽ‰ðŸŽ‰ðŸŽ‰ Your Firebase project is ready! ðŸŽ‰ðŸŽ‰ðŸŽ‰
[info] 
[info] Project information:
[info]    - Project ID: afdjanfjdjfahfbd
[info]    - Project Name: afdjanfjdjfahfbd
[info] 
[info] Firebase console is available at
[info] https://console.firebase.google.com/project/afdjanfjdjfahfbd/overview
[info] i  Using project afdjanfjdjfahfbd (afdjanfjdjfahfbd) 
[info] 
=== Emulators Setup
[info] i  database: downloading firebase-database-emulator-v4.11.2.jar... {"metadata":{"emulator":{"name":"database"},"message":"downloading firebase-database-emulator-v4.11.2.jar..."}}
[debug] [2025-04-05T03:01:19.806Z] >>> [apiv2][query] GET https://storage.googleapis.com/firebase-preview-drop/emulator/firebase-database-emulator-v4.11.2.jar 
[debug] [2025-04-05T03:01:20.045Z] <<< [apiv2][status] GET https://storage.googleapis.com/firebase-preview-drop/emulator/firebase-database-emulator-v4.11.2.jar 200
[debug] [2025-04-05T03:01:20.046Z] <<< [apiv2][body] GET https://storage.googleapis.com/firebase-preview-drop/emulator/firebase-database-emulator-v4.11.2.jar [stream]
[info] i  ui: downloading ui-v1.14.0.zip... {"metadata":{"emulator":{"name":"ui"},"message":"downloading ui-v1.14.0.zip..."}}
[debug] [2025-04-05T03:02:02.195Z] ----------------------------------------------------------------------
[debug] [2025-04-05T03:02:02.202Z] Command:       /usr/local/Cellar/node/23.7.0/bin/node /usr/local/bin/firebase emulators:start
[debug] [2025-04-05T03:02:02.203Z] CLI Version:   14.1.0
[debug] [2025-04-05T03:02:02.203Z] Platform:      darwin
[debug] [2025-04-05T03:02:02.203Z] Node Version:  v23.7.0
[debug] [2025-04-05T03:02:02.203Z] Time:          Fri Apr 04 2025 23:02:02 GMT-0400 (Eastern Daylight Time)
[debug] [2025-04-05T03:02:02.204Z] ----------------------------------------------------------------------
[debug] 
[debug] [2025-04-05T03:02:02.378Z] > command requires scopes: ["email","openid","https://www.googleapis.com/auth/cloudplatformprojects.readonly","https://www.googleapis.com/auth/firebase","https://www.googleapis.com/auth/cloud-platform"]
[debug] [2025-04-05T03:02:02.378Z] > authorizing via signed-in user (alvindjoume@gmail.com)
[debug] [2025-04-05T03:02:03.157Z] openjdk version "23.0.2" 2025-01-21

[debug] [2025-04-05T03:02:03.157Z] OpenJDK Runtime Environment Homebrew (build 23.0.2)
OpenJDK 64-Bit Server VM Homebrew (build 23.0.2, mixed mode, sharing)

[debug] [2025-04-05T03:02:03.163Z] Parsed Java major version: 23
[info] i  emulators: Starting emulators: auth, database {"metadata":{"emulator":{"name":"hub"},"message":"Starting emulators: auth, database"}}
[debug] [2025-04-05T03:02:03.724Z] [logging] Logging Emulator only supports listening on one address (127.0.0.1). Not listening on ::1
[debug] [2025-04-05T03:02:03.724Z] [auth] Authentication Emulator only supports listening on one address (127.0.0.1). Not listening on ::1
[debug] [2025-04-05T03:02:03.724Z] [database] Database Emulator only supports listening on one address (127.0.0.1). Not listening on ::1
[debug] [2025-04-05T03:02:03.724Z] assigned listening specs for emulators {"user":{"hub":[{"address":"127.0.0.1","family":"IPv4","port":4400},{"address":"::1","family":"IPv6","port":4400}],"ui":[{"address":"127.0.0.1","family":"IPv4","port":4000},{"address":"::1","family":"IPv6","port":4000}],"logging":[{"address":"127.0.0.1","family":"IPv4","port":4500}],"auth":[{"address":"127.0.0.1","family":"IPv4","port":9099}],"database":[{"address":"127.0.0.1","family":"IPv4","port":9000}]},"metadata":{"message":"assigned listening specs for emulators"}}
[debug] [2025-04-05T03:02:03.728Z] [hub] writing locator at /var/folders/87/7pd62dmx5fl_299cjm8fcmvw0000gn/T/hub-afdjanfjdjfahfbd.json
[debug] [2025-04-05T03:02:03.735Z] Checked if tokens are valid: true, expires at: 1743825421507
[debug] [2025-04-05T03:02:03.736Z] Checked if tokens are valid: true, expires at: 1743825421507
[debug] [2025-04-05T03:02:03.737Z] >>> [apiv2][query] GET https://firebase.googleapis.com/v1beta1/projects/afdjanfjdjfahfbd [none]
[debug] [2025-04-05T03:02:04.083Z] <<< [apiv2][status] GET https://firebase.googleapis.com/v1beta1/projects/afdjanfjdjfahfbd 200
[debug] [2025-04-05T03:02:04.083Z] <<< [apiv2][body] GET https://firebase.googleapis.com/v1beta1/projects/afdjanfjdjfahfbd {"projectId":"afdjanfjdjfahfbd","projectNumber":"626300228073","displayName":"afdjanfjdjfahfbd","name":"projects/afdjanfjdjfahfbd","resources":{"hostingSite":"afdjanfjdjfahfbd"},"state":"ACTIVE","etag":"1_0f74c74f-6958-4b27-b850-c550c17c5329"}
[debug] [2025-04-05T03:02:04.083Z] database rules config:  []
[warn] âš   database: Did not find a Realtime Database rules file specified in a firebase.json config file. The emulator will default to allowing all reads and writes. Learn more about this option: https://firebase.google.com/docs/emulator-suite/install_and_configure#security_rules_configuration. {"metadata":{"emulator":{"name":"database"},"message":"Did not find a Realtime Database rules file specified in a firebase.json config file. The emulator will default to allowing all reads and writes. Learn more about this option: https://firebase.google.com/docs/emulator-suite/install_and_configure#security_rules_configuration."}}
[debug] [2025-04-05T03:02:04.084Z] Ignoring unsupported arg: projectId {"metadata":{"emulator":{"name":"database"},"message":"Ignoring unsupported arg: projectId"}}
[debug] [2025-04-05T03:02:04.085Z] Ignoring unsupported arg: auto_download {"metadata":{"emulator":{"name":"database"},"message":"Ignoring unsupported arg: auto_download"}}
[debug] [2025-04-05T03:02:04.085Z] Ignoring unsupported arg: rules {"metadata":{"emulator":{"name":"database"},"message":"Ignoring unsupported arg: rules"}}
[debug] [2025-04-05T03:02:04.085Z] Starting Database Emulator with command {"binary":"java","args":["-Duser.language=en","-jar","/Users/alvindjoume/.cache/firebase/emulators/firebase-database-emulator-v4.11.2.jar","--host","127.0.0.1","--port",9000,"--single_project_mode","Warning"],"optionalArgs":["port","host","functions_emulator_port","functions_emulator_host","single_project_mode"],"joinArgs":false,"shell":false,"port":9000} {"metadata":{"emulator":{"name":"database"},"message":"Starting Database Emulator with command {\"binary\":\"java\",\"args\":[\"-Duser.language=en\",\"-jar\",\"/Users/alvindjoume/.cache/firebase/emulators/firebase-database-emulator-v4.11.2.jar\",\"--host\",\"127.0.0.1\",\"--port\",9000,\"--single_project_mode\",\"Warning\"],\"optionalArgs\":[\"port\",\"host\",\"functions_emulator_port\",\"functions_emulator_host\",\"single_project_mode\"],\"joinArgs\":false,\"shell\":false,\"port\":9000}"}}
[info] i  database: Database Emulator logging to database-debug.log {"metadata":{"emulator":{"name":"database"},"message":"Database Emulator logging to \u001b[1mdatabase-debug.log\u001b[22m"}}
[debug] [2025-04-05T03:02:05.795Z] 23:02:05.793 [NamespaceSystem-akka.actor.default-dispatcher-4] INFO akka.event.slf4j.Slf4jLogger - Slf4jLogger started
 {"metadata":{"emulator":{"name":"database"},"message":"23:02:05.793 [NamespaceSystem-akka.actor.default-dispatcher-4] INFO akka.event.slf4j.Slf4jLogger - Slf4jLogger started\n"}}
[debug] [2025-04-05T03:02:06.007Z] 23:02:06.007 [main] INFO com.firebase.server.forge.App$ - Listening at 127.0.0.1:9000
 {"metadata":{"emulator":{"name":"database"},"message":"23:02:06.007 [main] INFO com.firebase.server.forge.App$ - Listening at 127.0.0.1:9000\n"}}
[info] i  ui: downloading ui-v1.14.0.zip... {"metadata":{"emulator":{"name":"ui"},"message":"downloading ui-v1.14.0.zip..."}}
[debug] [2025-04-05T03:02:12.665Z] >>> [apiv2][query] GET https://storage.googleapis.com/firebase-preview-drop/emulator/ui-v1.14.0.zip 
[debug] [2025-04-05T03:02:12.825Z] <<< [apiv2][status] GET https://storage.googleapis.com/firebase-preview-drop/emulator/ui-v1.14.0.zip 200
[debug] [2025-04-05T03:02:12.825Z] <<< [apiv2][body] GET https://storage.googleapis.com/firebase-preview-drop/emulator/ui-v1.14.0.zip [stream]
[debug] [2025-04-05T03:02:14.684Z] Data is 3615311
[debug] [2025-04-05T03:02:14.684Z] [unzip] Entry: client/ (compressed_size=0 bytes, uncompressed_size=0 bytes)
[debug] [2025-04-05T03:02:14.684Z] [unzip] Processing entry: client/
[debug] [2025-04-05T03:02:14.684Z] [unzip] mkdir: /Users/alvindjoume/.cache/firebase/emulators/ui-v1.14.0/client/
[debug] [2025-04-05T03:02:14.685Z] [unzip] Entry: client/favicon-16x16.png (compressed_size=293 bytes, uncompressed_size=293 bytes)
[debug] [2025-04-05T03:02:14.685Z] [unzip] Processing entry: client/favicon-16x16.png
[debug] [2025-04-05T03:02:14.685Z] [unzip] else mkdir: /Users/alvindjoume/.cache/firebase/emulators/ui-v1.14.0/client
[debug] [2025-04-05T03:02:14.685Z] [unzip] Writing file: /Users/alvindjoume/.cache/firebase/emulators/ui-v1.14.0/client/favicon-16x16.png
[debug] [2025-04-05T03:02:14.686Z] [unzip] Entry: client/safari-pinned-tab.svg (compressed_size=1433 bytes, uncompressed_size=2611 bytes)
[debug] [2025-04-05T03:02:14.686Z] [unzip] Processing entry: client/safari-pinned-tab.svg
[debug] [2025-04-05T03:02:14.686Z] [unzip] else mkdir: /Users/alvindjoume/.cache/firebase/emulators/ui-v1.14.0/client
[debug] [2025-04-05T03:02:14.686Z] [unzip] deflating: /Users/alvindjoume/.cache/firebase/emulators/ui-v1.14.0/client/safari-pinned-tab.svg
[debug] [2025-04-05T03:02:14.689Z] [unzip] Entry: client/favicon.ico (compressed_size=2933 bytes, uncompressed_size=13294 bytes)
[debug] [2025-04-05T03:02:14.689Z] [unzip] Processing entry: client/favicon.ico
[debug] [2025-04-05T03:02:14.689Z] [unzip] else mkdir: /Users/alvindjoume/.cache/firebase/emulators/ui-v1.14.0/client
[debug] [2025-04-05T03:02:14.689Z] [unzip] deflating: /Users/alvindjoume/.cache/firebase/emulators/ui-v1.14.0/client/favicon.ico
[debug] [2025-04-05T03:02:14.690Z] [unzip] Entry: client/index.html (compressed_size=1363 bytes, uncompressed_size=3071 bytes)
[debug] [2025-04-05T03:02:14.690Z] [unzip] Processing entry: client/index.html
[debug] [2025-04-05T03:02:14.690Z] [unzip] else mkdir: /Users/alvindjoume/.cache/firebase/emulators/ui-v1.14.0/client
[debug] [2025-04-05T03:02:14.691Z] [unzip] deflating: /Users/alvindjoume/.cache/firebase/emulators/ui-v1.14.0/client/index.html
[debug] [2025-04-05T03:02:14.691Z] [unzip] Entry: client/android-chrome-192x192.png (compressed_size=2684 bytes, uncompressed_size=2684 bytes)
[debug] [2025-04-05T03:02:14.692Z] [unzip] Processing entry: client/android-chrome-192x192.png
[debug] [2025-04-05T03:02:14.692Z] [unzip] else mkdir: /Users/alvindjoume/.cache/firebase/emulators/ui-v1.14.0/client
[debug] [2025-04-05T03:02:14.692Z] [unzip] Writing file: /Users/alvindjoume/.cache/firebase/emulators/ui-v1.14.0/client/android-chrome-192x192.png
[debug] [2025-04-05T03:02:14.692Z] [unzip] Entry: client/apple-touch-icon.png (compressed_size=2123 bytes, uncompressed_size=2152 bytes)
[debug] [2025-04-05T03:02:14.692Z] [unzip] Processing entry: client/apple-touch-icon.png
[debug] [2025-04-05T03:02:14.692Z] [unzip] else mkdir: /Users/alvindjoume/.cache/firebase/emulators/ui-v1.14.0/client
[debug] [2025-04-05T03:02:14.693Z] [unzip] deflating: /Users/alvindjoume/.cache/firebase/emulators/ui-v1.14.0/client/apple-touch-icon.png
[debug] [2025-04-05T03:02:14.693Z] [unzip] Entry: client/android-chrome-512x512.png (compressed_size=5369 bytes, uncompressed_size=5411 bytes)
[debug] [2025-04-05T03:02:14.693Z] [unzip] Processing entry: client/android-chrome-512x512.png
[debug] [2025-04-05T03:02:14.693Z] [unzip] else mkdir: /Users/alvindjoume/.cache/firebase/emulators/ui-v1.14.0/client
[debug] [2025-04-05T03:02:14.694Z] [unzip] deflating: /Users/alvindjoume/.cache/firebase/emulators/ui-v1.14.0/client/android-chrome-512x512.png
[debug] [2025-04-05T03:02:14.694Z] [unzip] Entry: client/manifest.json (compressed_size=245 bytes, uncompressed_size=551 bytes)
[debug] [2025-04-05T03:02:14.694Z] [unzip] Processing entry: client/manifest.json
[debug] [2025-04-05T03:02:14.695Z] [unzip] else mkdir: /Users/alvindjoume/.cache/firebase/emulators/ui-v1.14.0/client
[debug] [2025-04-05T03:02:14.695Z] [unzip] deflating: /Users/alvindjoume/.cache/firebase/emulators/ui-v1.14.0/client/manifest.json
[debug] [2025-04-05T03:02:14.695Z] [unzip] Entry: client/robots.txt (compressed_size=26 bytes, uncompressed_size=26 bytes)
[debug] [2025-04-05T03:02:14.696Z] [unzip] Processing entry: client/robots.txt
[debug] [2025-04-05T03:02:14.696Z] [unzip] else mkdir: /Users/alvindjoume/.cache/firebase/emulators/ui-v1.14.0/client
[debug] [2025-04-05T03:02:14.696Z] [unzip] Writing file: /Users/alvindjoume/.cache/firebase/emulators/ui-v1.14.0/client/robots.txt
[debug] [2025-04-05T03:02:14.696Z] [unzip] Entry: client/mstile-150x150.png (compressed_size=2034 bytes, uncompressed_size=2034 bytes)
[debug] [2025-04-05T03:02:14.696Z] [unzip] Processing entry: client/mstile-150x150.png
[debug] [2025-04-05T03:02:14.696Z] [unzip] else mkdir: /Users/alvindjoume/.cache/firebase/emulators/ui-v1.14.0/client
[debug] [2025-04-05T03:02:14.696Z] [unzip] Writing file: /Users/alvindjoume/.cache/firebase/emulators/ui-v1.14.0/client/mstile-150x150.png
[debug] [2025-04-05T03:02:14.697Z] [unzip] Entry: client/assets/ (compressed_size=0 bytes, uncompressed_size=0 bytes)
[debug] [2025-04-05T03:02:14.697Z] [unzip] Processing entry: client/assets/
[debug] [2025-04-05T03:02:14.697Z] [unzip] mkdir: /Users/alvindjoume/.cache/firebase/emulators/ui-v1.14.0/client/assets/
[debug] [2025-04-05T03:02:14.697Z] [unzip] Entry: client/assets/index-ClZTY_JS.js.map (compressed_size=2328270 bytes, uncompressed_size=9947004 bytes)
[debug] [2025-04-05T03:02:14.697Z] [unzip] Processing entry: client/assets/index-ClZTY_JS.js.map
[debug] [2025-04-05T03:02:14.697Z] [unzip] else mkdir: /Users/alvindjoume/.cache/firebase/emulators/ui-v1.14.0/client/assets
[debug] [2025-04-05T03:02:14.697Z] [unzip] deflating: /Users/alvindjoume/.cache/firebase/emulators/ui-v1.14.0/client/assets/index-ClZTY_JS.js.map
[debug] [2025-04-05T03:02:14.760Z] [unzip] Entry: client/assets/index-ClZTY_JS.js (compressed_size=567195 bytes, uncompressed_size=2035940 bytes)
[debug] [2025-04-05T03:02:14.760Z] [unzip] Processing entry: client/assets/index-ClZTY_JS.js
[debug] [2025-04-05T03:02:14.760Z] [unzip] else mkdir: /Users/alvindjoume/.cache/firebase/emulators/ui-v1.14.0/client/assets
[debug] [2025-04-05T03:02:14.760Z] [unzip] deflating: /Users/alvindjoume/.cache/firebase/emulators/ui-v1.14.0/client/assets/index-ClZTY_JS.js
[debug] [2025-04-05T03:02:14.768Z] [unzip] Entry: client/assets/index-BdgySamB.css (compressed_size=35979 bytes, uncompressed_size=298654 bytes)
[debug] [2025-04-05T03:02:14.768Z] [unzip] Processing entry: client/assets/index-BdgySamB.css
[debug] [2025-04-05T03:02:14.768Z] [unzip] else mkdir: /Users/alvindjoume/.cache/firebase/emulators/ui-v1.14.0/client/assets
[debug] [2025-04-05T03:02:14.769Z] [unzip] deflating: /Users/alvindjoume/.cache/firebase/emulators/ui-v1.14.0/client/assets/index-BdgySamB.css
[debug] [2025-04-05T03:02:14.770Z] [unzip] Entry: client/assets/extensions/ (compressed_size=0 bytes, uncompressed_size=0 bytes)
[debug] [2025-04-05T03:02:14.770Z] [unzip] Processing entry: client/assets/extensions/
[debug] [2025-04-05T03:02:14.770Z] [unzip] mkdir: /Users/alvindjoume/.cache/firebase/emulators/ui-v1.14.0/client/assets/extensions/
[debug] [2025-04-05T03:02:14.770Z] [unzip] Entry: client/assets/extensions/default-extension.png (compressed_size=1646 bytes, uncompressed_size=1657 bytes)
[debug] [2025-04-05T03:02:14.770Z] [unzip] Processing entry: client/assets/extensions/default-extension.png
[debug] [2025-04-05T03:02:14.770Z] [unzip] else mkdir: /Users/alvindjoume/.cache/firebase/emulators/ui-v1.14.0/client/assets/extensions
[debug] [2025-04-05T03:02:14.771Z] [unzip] deflating: /Users/alvindjoume/.cache/firebase/emulators/ui-v1.14.0/client/assets/extensions/default-extension.png
[debug] [2025-04-05T03:02:14.771Z] [unzip] Entry: client/assets/img/ (compressed_size=0 bytes, uncompressed_size=0 bytes)
[debug] [2025-04-05T03:02:14.771Z] [unzip] Processing entry: client/assets/img/
[debug] [2025-04-05T03:02:14.771Z] [unzip] mkdir: /Users/alvindjoume/.cache/firebase/emulators/ui-v1.14.0/client/assets/img/
[debug] [2025-04-05T03:02:14.771Z] [unzip] Entry: client/assets/img/database.png (compressed_size=29449 bytes, uncompressed_size=29988 bytes)
[debug] [2025-04-05T03:02:14.771Z] [unzip] Processing entry: client/assets/img/database.png
[debug] [2025-04-05T03:02:14.772Z] [unzip] else mkdir: /Users/alvindjoume/.cache/firebase/emulators/ui-v1.14.0/client/assets/img
[debug] [2025-04-05T03:02:14.772Z] [unzip] deflating: /Users/alvindjoume/.cache/firebase/emulators/ui-v1.14.0/client/assets/img/database.png
[debug] [2025-04-05T03:02:14.773Z] [unzip] Entry: client/assets/provider-icons/ (compressed_size=0 bytes, uncompressed_size=0 bytes)
[debug] [2025-04-05T03:02:14.773Z] [unzip] Processing entry: client/assets/provider-icons/
[debug] [2025-04-05T03:02:14.773Z] [unzip] mkdir: /Users/alvindjoume/.cache/firebase/emulators/ui-v1.14.0/client/assets/provider-icons/
[debug] [2025-04-05T03:02:14.773Z] [unzip] Entry: client/assets/provider-icons/auth_service_saml.svg (compressed_size=575 bytes, uncompressed_size=1226 bytes)
[debug] [2025-04-05T03:02:14.773Z] [unzip] Processing entry: client/assets/provider-icons/auth_service_saml.svg
[debug] [2025-04-05T03:02:14.773Z] [unzip] else mkdir: /Users/alvindjoume/.cache/firebase/emulators/ui-v1.14.0/client/assets/provider-icons
[debug] [2025-04-05T03:02:14.773Z] [unzip] deflating: /Users/alvindjoume/.cache/firebase/emulators/ui-v1.14.0/client/assets/provider-icons/auth_service_saml.svg
[debug] [2025-04-05T03:02:14.774Z] [unzip] Entry: client/assets/provider-icons/auth_service_phone.svg (compressed_size=261 bytes, uncompressed_size=414 bytes)
[debug] [2025-04-05T03:02:14.774Z] [unzip] Processing entry: client/assets/provider-icons/auth_service_phone.svg
[debug] [2025-04-05T03:02:14.774Z] [unzip] else mkdir: /Users/alvindjoume/.cache/firebase/emulators/ui-v1.14.0/client/assets/provider-icons
[debug] [2025-04-05T03:02:14.774Z] [unzip] deflating: /Users/alvindjoume/.cache/firebase/emulators/ui-v1.14.0/client/assets/provider-icons/auth_service_phone.svg
[debug] [2025-04-05T03:02:14.774Z] [unzip] Entry: client/assets/provider-icons/auth_service_facebook.svg (compressed_size=289 bytes, uncompressed_size=457 bytes)
[debug] [2025-04-05T03:02:14.775Z] [unzip] Processing entry: client/assets/provider-icons/auth_service_facebook.svg
[debug] [2025-04-05T03:02:14.775Z] [unzip] else mkdir: /Users/alvindjoume/.cache/firebase/emulators/ui-v1.14.0/client/assets/provider-icons
[debug] [2025-04-05T03:02:14.775Z] [unzip] deflating: /Users/alvindjoume/.cache/firebase/emulators/ui-v1.14.0/client/assets/provider-icons/auth_service_facebook.svg
[debug] [2025-04-05T03:02:14.775Z] [unzip] Entry: client/assets/provider-icons/auth_service_game_center.svg (compressed_size=991 bytes, uncompressed_size=3921 bytes)
[debug] [2025-04-05T03:02:14.775Z] [unzip] Processing entry: client/assets/provider-icons/auth_service_game_center.svg
[debug] [2025-04-05T03:02:14.775Z] [unzip] else mkdir: /Users/alvindjoume/.cache/firebase/emulators/ui-v1.14.0/client/assets/provider-icons
[debug] [2025-04-05T03:02:14.775Z] [unzip] deflating: /Users/alvindjoume/.cache/firebase/emulators/ui-v1.14.0/client/assets/provider-icons/auth_service_game_center.svg
[debug] [2025-04-05T03:02:14.776Z] [unzip] Entry: client/assets/provider-icons/auth_service_apple.svg (compressed_size=230 bytes, uncompressed_size=334 bytes)
[debug] [2025-04-05T03:02:14.776Z] [unzip] Processing entry: client/assets/provider-icons/auth_service_apple.svg
[debug] [2025-04-05T03:02:14.776Z] [unzip] else mkdir: /Users/alvindjoume/.cache/firebase/emulators/ui-v1.14.0/client/assets/provider-icons
[debug] [2025-04-05T03:02:14.776Z] [unzip] deflating: /Users/alvindjoume/.cache/firebase/emulators/ui-v1.14.0/client/assets/provider-icons/auth_service_apple.svg
[debug] [2025-04-05T03:02:14.777Z] [unzip] Entry: client/assets/provider-icons/auth_service_github.svg (compressed_size=466 bytes, uncompressed_size=838 bytes)
[debug] [2025-04-05T03:02:14.777Z] [unzip] Processing entry: client/assets/provider-icons/auth_service_github.svg
[debug] [2025-04-05T03:02:14.777Z] [unzip] else mkdir: /Users/alvindjoume/.cache/firebase/emulators/ui-v1.14.0/client/assets/provider-icons
[debug] [2025-04-05T03:02:14.777Z] [unzip] deflating: /Users/alvindjoume/.cache/firebase/emulators/ui-v1.14.0/client/assets/provider-icons/auth_service_github.svg
[debug] [2025-04-05T03:02:14.777Z] [unzip] Entry: client/assets/provider-icons/auth_service_mslive.svg (compressed_size=203 bytes, uncompressed_size=378 bytes)
[debug] [2025-04-05T03:02:14.777Z] [unzip] Processing entry: client/assets/provider-icons/auth_service_mslive.svg
[debug] [2025-04-05T03:02:14.778Z] [unzip] else mkdir: /Users/alvindjoume/.cache/firebase/emulators/ui-v1.14.0/client/assets/provider-icons
[debug] [2025-04-05T03:02:14.778Z] [unzip] deflating: /Users/alvindjoume/.cache/firebase/emulators/ui-v1.14.0/client/assets/provider-icons/auth_service_mslive.svg
[debug] [2025-04-05T03:02:14.778Z] [unzip] Entry: client/assets/provider-icons/auth_service_yahoo.svg (compressed_size=577 bytes, uncompressed_size=1182 bytes)
[debug] [2025-04-05T03:02:14.778Z] [unzip] Processing entry: client/assets/provider-icons/auth_service_yahoo.svg
[debug] [2025-04-05T03:02:14.778Z] [unzip] else mkdir: /Users/alvindjoume/.cache/firebase/emulators/ui-v1.14.0/client/assets/provider-icons
[debug] [2025-04-05T03:02:14.779Z] [unzip] deflating: /Users/alvindjoume/.cache/firebase/emulators/ui-v1.14.0/client/assets/provider-icons/auth_service_yahoo.svg
[debug] [2025-04-05T03:02:14.779Z] [unzip] Entry: client/assets/provider-icons/auth_service_twitter.svg (compressed_size=444 bytes, uncompressed_size=751 bytes)
[debug] [2025-04-05T03:02:14.779Z] [unzip] Processing entry: client/assets/provider-icons/auth_service_twitter.svg
[debug] [2025-04-05T03:02:14.779Z] [unzip] else mkdir: /Users/alvindjoume/.cache/firebase/emulators/ui-v1.14.0/client/assets/provider-icons
[debug] [2025-04-05T03:02:14.779Z] [unzip] deflating: /Users/alvindjoume/.cache/firebase/emulators/ui-v1.14.0/client/assets/provider-icons/auth_service_twitter.svg
[debug] [2025-04-05T03:02:14.780Z] [unzip] Entry: client/assets/provider-icons/auth_service_play_games.svg (compressed_size=565 bytes, uncompressed_size=1173 bytes)
[debug] [2025-04-05T03:02:14.780Z] [unzip] Processing entry: client/assets/provider-icons/auth_service_play_games.svg
[debug] [2025-04-05T03:02:14.780Z] [unzip] else mkdir: /Users/alvindjoume/.cache/firebase/emulators/ui-v1.14.0/client/assets/provider-icons
[debug] [2025-04-05T03:02:14.780Z] [unzip] deflating: /Users/alvindjoume/.cache/firebase/emulators/ui-v1.14.0/client/assets/provider-icons/auth_service_play_games.svg
[debug] [2025-04-05T03:02:14.781Z] [unzip] Entry: client/assets/provider-icons/auth_service_email.svg (compressed_size=228 bytes, uncompressed_size=326 bytes)
[debug] [2025-04-05T03:02:14.781Z] [unzip] Processing entry: client/assets/provider-icons/auth_service_email.svg
[debug] [2025-04-05T03:02:14.781Z] [unzip] else mkdir: /Users/alvindjoume/.cache/firebase/emulators/ui-v1.14.0/client/assets/provider-icons
[debug] [2025-04-05T03:02:14.781Z] [unzip] deflating: /Users/alvindjoume/.cache/firebase/emulators/ui-v1.14.0/client/assets/provider-icons/auth_service_email.svg
[debug] [2025-04-05T03:02:14.781Z] [unzip] Entry: client/assets/provider-icons/auth_service_google.svg (compressed_size=409 bytes, uncompressed_size=720 bytes)
[debug] [2025-04-05T03:02:14.781Z] [unzip] Processing entry: client/assets/provider-icons/auth_service_google.svg
[debug] [2025-04-05T03:02:14.781Z] [unzip] else mkdir: /Users/alvindjoume/.cache/firebase/emulators/ui-v1.14.0/client/assets/provider-icons
[debug] [2025-04-05T03:02:14.782Z] [unzip] deflating: /Users/alvindjoume/.cache/firebase/emulators/ui-v1.14.0/client/assets/provider-icons/auth_service_google.svg
[debug] [2025-04-05T03:02:14.782Z] [unzip] Entry: client/assets/provider-icons/auth_service_oidc.svg (compressed_size=414 bytes, uncompressed_size=858 bytes)
[debug] [2025-04-05T03:02:14.782Z] [unzip] Processing entry: client/assets/provider-icons/auth_service_oidc.svg
[debug] [2025-04-05T03:02:14.782Z] [unzip] else mkdir: /Users/alvindjoume/.cache/firebase/emulators/ui-v1.14.0/client/assets/provider-icons
[debug] [2025-04-05T03:02:14.783Z] [unzip] deflating: /Users/alvindjoume/.cache/firebase/emulators/ui-v1.14.0/client/assets/provider-icons/auth_service_oidc.svg
[debug] [2025-04-05T03:02:14.783Z] [unzip] Entry: client/browserconfig.xml (compressed_size=491 bytes, uncompressed_size=822 bytes)
[debug] [2025-04-05T03:02:14.783Z] [unzip] Processing entry: client/browserconfig.xml
[debug] [2025-04-05T03:02:14.783Z] [unzip] else mkdir: /Users/alvindjoume/.cache/firebase/emulators/ui-v1.14.0/client
[debug] [2025-04-05T03:02:14.783Z] [unzip] deflating: /Users/alvindjoume/.cache/firebase/emulators/ui-v1.14.0/client/browserconfig.xml
[debug] [2025-04-05T03:02:14.784Z] [unzip] Entry: client/favicon-32x32.png (compressed_size=475 bytes, uncompressed_size=475 bytes)
[debug] [2025-04-05T03:02:14.784Z] [unzip] Processing entry: client/favicon-32x32.png
[debug] [2025-04-05T03:02:14.784Z] [unzip] else mkdir: /Users/alvindjoume/.cache/firebase/emulators/ui-v1.14.0/client
[debug] [2025-04-05T03:02:14.784Z] [unzip] Writing file: /Users/alvindjoume/.cache/firebase/emulators/ui-v1.14.0/client/favicon-32x32.png
[debug] [2025-04-05T03:02:14.784Z] [unzip] Entry: server/ (compressed_size=0 bytes, uncompressed_size=0 bytes)
[debug] [2025-04-05T03:02:14.784Z] [unzip] Processing entry: server/
[debug] [2025-04-05T03:02:14.784Z] [unzip] mkdir: /Users/alvindjoume/.cache/firebase/emulators/ui-v1.14.0/server/
[debug] [2025-04-05T03:02:14.784Z] [unzip] Entry: server/server.mjs.map (compressed_size=296496 bytes, uncompressed_size=1355667 bytes)
[debug] [2025-04-05T03:02:14.784Z] [unzip] Processing entry: server/server.mjs.map
[debug] [2025-04-05T03:02:14.784Z] [unzip] else mkdir: /Users/alvindjoume/.cache/firebase/emulators/ui-v1.14.0/server
[debug] [2025-04-05T03:02:14.784Z] [unzip] deflating: /Users/alvindjoume/.cache/firebase/emulators/ui-v1.14.0/server/server.mjs.map
[debug] [2025-04-05T03:02:14.789Z] [unzip] Entry: server/server.mjs (compressed_size=315701 bytes, uncompressed_size=1172682 bytes)
[debug] [2025-04-05T03:02:14.789Z] [unzip] Processing entry: server/server.mjs
[debug] [2025-04-05T03:02:14.789Z] [unzip] else mkdir: /Users/alvindjoume/.cache/firebase/emulators/ui-v1.14.0/server
[debug] [2025-04-05T03:02:14.789Z] [unzip] deflating: /Users/alvindjoume/.cache/firebase/emulators/ui-v1.14.0/server/server.mjs
[debug] [2025-04-05T03:02:14.793Z] [unzip] Entry: server/assets/ (compressed_size=0 bytes, uncompressed_size=0 bytes)
[debug] [2025-04-05T03:02:14.793Z] [unzip] Processing entry: server/assets/
[debug] [2025-04-05T03:02:14.793Z] [unzip] mkdir: /Users/alvindjoume/.cache/firebase/emulators/ui-v1.14.0/server/assets/
[debug] [2025-04-05T03:02:14.794Z] [unzip] Entry: server/assets/multipart-parser-DGCUZdXu.mjs.map (compressed_size=4791 bytes, uncompressed_size=17918 bytes)
[debug] [2025-04-05T03:02:14.794Z] [unzip] Processing entry: server/assets/multipart-parser-DGCUZdXu.mjs.map
[debug] [2025-04-05T03:02:14.794Z] [unzip] else mkdir: /Users/alvindjoume/.cache/firebase/emulators/ui-v1.14.0/server/assets
[debug] [2025-04-05T03:02:14.794Z] [unzip] deflating: /Users/alvindjoume/.cache/firebase/emulators/ui-v1.14.0/server/assets/multipart-parser-DGCUZdXu.mjs.map
[debug] [2025-04-05T03:02:14.794Z] [unzip] Entry: server/assets/multipart-parser-DGCUZdXu.mjs (compressed_size=2621 bytes, uncompressed_size=10390 bytes)
[debug] [2025-04-05T03:02:14.794Z] [unzip] Processing entry: server/assets/multipart-parser-DGCUZdXu.mjs
[debug] [2025-04-05T03:02:14.794Z] [unzip] else mkdir: /Users/alvindjoume/.cache/firebase/emulators/ui-v1.14.0/server/assets
[debug] [2025-04-05T03:02:14.795Z] [unzip] deflating: /Users/alvindjoume/.cache/firebase/emulators/ui-v1.14.0/server/assets/multipart-parser-DGCUZdXu.mjs
[debug] [2025-04-05T03:02:14.800Z] Could not find VSCode notification endpoint: FetchError: request to http://localhost:40001/vscode/notify failed, reason: . If you are not running the Firebase Data Connect VSCode extension, this is expected and not an issue.
[info] 
â”Œâ”€â”€â”€â”€â”€â”€â”€â”€â”€â”€â”€â”€â”€â”€â”€â”€â”€â”€â”€â”€â”€â”€â”€â”€â”€â”€â”€â”€â”€â”€â”€â”€â”€â”€â”€â”€â”€â”€â”€â”€â”€â”€â”€â”€â”€â”€â”€â”€â”€â”€â”€â”€â”€â”€â”€â”€â”€â”€â”€â”€â”€â”
â”‚ âœ”  All emulators ready! It is now safe to connect your app. â”‚
â”‚ i  View Emulator UI at http://127.0.0.1:4000/               â”‚
â””â”€â”€â”€â”€â”€â”€â”€â”€â”€â”€â”€â”€â”€â”€â”€â”€â”€â”€â”€â”€â”€â”€â”€â”€â”€â”€â”€â”€â”€â”€â”€â”€â”€â”€â”€â”€â”€â”€â”€â”€â”€â”€â”€â”€â”€â”€â”€â”€â”€â”€â”€â”€â”€â”€â”€â”€â”€â”€â”€â”€â”€â”˜

â”Œâ”€â”€â”€â”€â”€â”€â”€â”€â”€â”€â”€â”€â”€â”€â”€â”€â”¬â”€â”€â”€â”€â”€â”€â”€â”€â”€â”€â”€â”€â”€â”€â”€â”€â”¬â”€â”€â”€â”€â”€â”€â”€â”€â”€â”€â”€â”€â”€â”€â”€â”€â”€â”€â”€â”€â”€â”€â”€â”€â”€â”€â”€â”€â”€â”€â”€â”€â”
â”‚ Emulator       â”‚ Host:Port      â”‚ View in Emulator UI            â”‚
â”œâ”€â”€â”€â”€â”€â”€â”€â”€â”€â”€â”€â”€â”€â”€â”€â”€â”¼â”€â”€â”€â”€â”€â”€â”€â”€â”€â”€â”€â”€â”€â”€â”€â”€â”¼â”€â”€â”€â”€â”€â”€â”€â”€â”€â”€â”€â”€â”€â”€â”€â”€â”€â”€â”€â”€â”€â”€â”€â”€â”€â”€â”€â”€â”€â”€â”€â”€â”¤
â”‚ Authentication â”‚ 127.0.0.1:9099 â”‚ http://127.0.0.1:4000/auth     â”‚
â”œâ”€â”€â”€â”€â”€â”€â”€â”€â”€â”€â”€â”€â”€â”€â”€â”€â”¼â”€â”€â”€â”€â”€â”€â”€â”€â”€â”€â”€â”€â”€â”€â”€â”€â”¼â”€â”€â”€â”€â”€â”€â”€â”€â”€â”€â”€â”€â”€â”€â”€â”€â”€â”€â”€â”€â”€â”€â”€â”€â”€â”€â”€â”€â”€â”€â”€â”€â”¤
â”‚ Database       â”‚ 127.0.0.1:9000 â”‚ http://127.0.0.1:4000/database â”‚
â””â”€â”€â”€â”€â”€â”€â”€â”€â”€â”€â”€â”€â”€â”€â”€â”€â”´â”€â”€â”€â”€â”€â”€â”€â”€â”€â”€â”€â”€â”€â”€â”€â”€â”´â”€â”€â”€â”€â”€â”€â”€â”€â”€â”€â”€â”€â”€â”€â”€â”€â”€â”€â”€â”€â”€â”€â”€â”€â”€â”€â”€â”€â”€â”€â”€â”€â”˜
  Emulator Hub host: 127.0.0.1 port: 4400
  Other reserved ports: 4500

Issues? Report them at https://github.com/firebase/firebase-tools/issues and attach the *-debug.log files.
 
